Using pre-set license
Built from '2020.3/staging' branch; Version is '2020.3.25f1 (9b9180224418) revision 10195328'; Using compiler version '192528614'; Build Type 'Release'
OS: 'Windows 10  (10.0.19041) 64bit Core' Language: 'tr' Physical Memory: 6021 MB
BatchMode: 1, IsHumanControllingUs: 0, StartBugReporterOnCrash: 0, Is64bit: 1, IsPro: 0

COMMAND LINE ARGUMENTS:
C:\Users\nurba\OneDrive\Masaüstü\UNITY KLASÖR\2020.3.25f1\Editor\Unity.exe
-adb2
-batchMode
-noUpm
-name
AssetImportWorker0
-projectPath
C:/Users/nurba/OneDrive/Masaüstü/UNITY KLASÖR/paper-plane/korıdorrr
-logFile
Logs/AssetImportWorker0.log
-srvPort
63477
Successfully changed project path to: C:/Users/nurba/OneDrive/Masaüstü/UNITY KLASÖR/paper-plane/korıdorrr
C:/Users/nurba/OneDrive/Masaüstü/UNITY KLASÖR/paper-plane/korıdorrr
Using Asset Import Pipeline V2.
Refreshing native plugins compatible for Editor in 44.83 ms, found 2 plugins.
Preloading 0 native plugins for Editor in 0.00 ms.
Initialize engine version: 2020.3.25f1 (9b9180224418)
[Subsystems] Discovering subsystems at path C:/Users/nurba/OneDrive/Masaüstü/UNITY KLASÖR/2020.3.25f1/Editor/Data/Resources/UnitySubsystems
[Subsystems] Discovering subsystems at path C:/Users/nurba/OneDrive/Masaüstü/UNITY KLASÖR/paper-plane/korıdorrr/Assets
GfxDevice: creating device client; threaded=0
Direct3D:
    Version:  Direct3D 11.0 [level 11.1]
    Renderer: NVIDIA GeForce GTX 1650 (ID=0x1f91)
    Vendor:   
    VRAM:     3962 MB
    Driver:   27.21.14.6280
Initialize mono
Mono path[0] = 'C:/Users/nurba/OneDrive/Masaüstü/UNITY KLASÖR/2020.3.25f1/Editor/Data/Managed'
Mono path[1] = 'C:/Users/nurba/OneDrive/Masaüstü/UNITY KLASÖR/2020.3.25f1/Editor/Data/MonoBleedingEdge/lib/mono/unityjit'
Mono config path = 'C:/Users/nurba/OneDrive/Masaüstü/UNITY KLASÖR/2020.3.25f1/Editor/Data/MonoBleedingEdge/etc'
Using monoOptions --debugger-agent=transport=dt_socket,embedding=1,server=y,suspend=n,address=127.0.0.1:56704
Begin MonoManager ReloadAssembly
Registering precompiled unity dll's ...
Register platform support module: C:/Users/nurba/OneDrive/Masaüstü/UNITY KLASÖR/2020.3.25f1/Editor/Data/PlaybackEngines/WindowsStandaloneSupport/UnityEditor.WindowsStandalone.Extensions.dll
Registered in 0.005577 seconds.
Native extension for WindowsStandalone target not found
Refreshing native plugins compatible for Editor in 37.88 ms, found 2 plugins.
Preloading 0 native plugins for Editor in 0.00 ms.
Mono: successfully reloaded assembly
- Completed reload, in  0.781 seconds
Domain Reload Profiling:
	ReloadAssembly (782ms)
		BeginReloadAssembly (99ms)
			ExecutionOrderSort (0ms)
			DisableScriptedObjects (0ms)
			BackupInstance (0ms)
			ReleaseScriptingObjects (0ms)
			CreateAndSetChildDomain (1ms)
		EndReloadAssembly (575ms)
			LoadAssemblies (93ms)
			RebuildTransferFunctionScriptingTraits (0ms)
			SetupTypeCache (204ms)
			ReleaseScriptCaches (0ms)
			RebuildScriptCaches (37ms)
			SetupLoadedEditorAssemblies (195ms)
				LogAssemblyErrors (0ms)
				InitializePlatformSupportModulesInManaged (5ms)
				SetLoadedEditorAssemblies (0ms)
				RefreshPlugins (38ms)
				BeforeProcessingInitializeOnLoad (13ms)
				ProcessInitializeOnLoadAttributes (102ms)
				ProcessInitializeOnLoadMethodAttributes (36ms)
				AfterProcessingInitializeOnLoad (0ms)
				EditorAssembliesLoaded (0ms)
			ExecutionOrderSort2 (0ms)
			AwakeInstancesAfterBackupRestoration (0ms)
Platform modules already initialized, skipping
Registering precompiled user dll's ...
Registered in 0.009704 seconds.
Begin MonoManager ReloadAssembly
Native extension for WindowsStandalone target not found
Refreshing native plugins compatible for Editor in 0.43 ms, found 2 plugins.
Preloading 0 native plugins for Editor in 0.00 ms.
Mono: successfully reloaded assembly
- Completed reload, in  1.373 seconds
Domain Reload Profiling:
	ReloadAssembly (1374ms)
		BeginReloadAssembly (204ms)
			ExecutionOrderSort (0ms)
			DisableScriptedObjects (6ms)
			BackupInstance (0ms)
			ReleaseScriptingObjects (0ms)
			CreateAndSetChildDomain (25ms)
		EndReloadAssembly (1072ms)
			LoadAssemblies (136ms)
			RebuildTransferFunctionScriptingTraits (0ms)
			SetupTypeCache (383ms)
			ReleaseScriptCaches (1ms)
			RebuildScriptCaches (47ms)
			SetupLoadedEditorAssemblies (407ms)
				LogAssemblyErrors (0ms)
				InitializePlatformSupportModulesInManaged (6ms)
				SetLoadedEditorAssemblies (1ms)
				RefreshPlugins (1ms)
				BeforeProcessingInitializeOnLoad (78ms)
				ProcessInitializeOnLoadAttributes (295ms)
				ProcessInitializeOnLoadMethodAttributes (13ms)
				AfterProcessingInitializeOnLoad (14ms)
				EditorAssembliesLoaded (0ms)
			ExecutionOrderSort2 (0ms)
			AwakeInstancesAfterBackupRestoration (8ms)
Platform modules already initialized, skipping
========================================================================
Worker process is ready to serve import requests
Launched and connected shader compiler UnityShaderCompiler.exe after 0.09 seconds
Refreshing native plugins compatible for Editor in 0.42 ms, found 2 plugins.
Preloading 0 native plugins for Editor in 0.00 ms.
Unloading 1500 Unused Serialized files (Serialized files now loaded: 0)
System memory in use before: 67.5 MB.
System memory in use after: 67.6 MB.

Unloading 19 unused Assets to reduce memory usage. Loaded Objects now: 1933.
Total: 4.317500 ms (FindLiveObjects: 0.190000 ms CreateObjectMapping: 0.045000 ms MarkObjects: 3.983000 ms  DeleteObjects: 0.098000 ms)

AssetImportParameters requested are different than current active one (requested -> active):
  custom:framework-win-MediaFoundation: 216162199b28c13a410421893ffa2e32 -> 
  custom:video-decoder-ogg-theora: a1e56fd34408186e4bbccfd4996cb3dc -> 
  custom:container-muxer-webm: aa71ff27fc2769a1b78a27578f13a17b -> 
  custom:container-demuxer-webm: 4f35f7cbe854078d1ac9338744f61a02 -> 
  custom:container-demuxer-ogg: 62fdf1f143b41e24485cea50d1cbac27 -> 
  custom:video-encoder-webm-vp8: eb34c28f22e8b96e1ab97ce403110664 -> 
  custom:video-codec-MediaFoundation-h265: 746d11721c4dcdbdad8f713fa42b33f4 -> 
  custom:video-decoder-webm-vp8: 9c59270c3fd7afecdb556c50c9e8de78 -> 
  custom:audio-decoder-ogg-vorbis: bf7c407c2cedff20999df2af8eb42d56 -> 
  custom:audio-encoder-webm-vorbis: bf7c407c2cedff20999df2af8eb42d56 -> 
========================================================================
Received Import Request.
  path: Assets/resim.mat
  artifactKey: Guid(c64ea2d3d94097a41b12fe32e32a7586) Importer(815301076,1909f56bfc062723c751e8b465ee728b)
Start importing Assets/resim.mat using Guid(c64ea2d3d94097a41b12fe32e32a7586) Importer(815301076,1909f56bfc062723c751e8b465ee728b)  -> (artifact id: '5e365b4ad44a438f0902400bb0f5d9d3') in 0.147598 seconds 
  Import took 0.151275 seconds .

========================================================================
Received Import Request.
  Time since last request: 29.817771 seconds.
  path: Assets/harita.jpeg
  artifactKey: Guid(2e9164b29868ce9439867061cdda78bc) Importer(815301076,1909f56bfc062723c751e8b465ee728b)
Start importing Assets/harita.jpeg using Guid(2e9164b29868ce9439867061cdda78bc) Importer(815301076,1909f56bfc062723c751e8b465ee728b)  -> (artifact id: '19a38edfe7c444e5e46bceb6203a2c6b') in 0.048399 seconds 
  Import took 0.052015 seconds .

========================================================================
Received Import Request.
  Time since last request: 46.596214 seconds.
  path: Assets/resim2.mat
  artifactKey: Guid(f8adb5f751beaef4ba4343cad60854e1) Importer(815301076,1909f56bfc062723c751e8b465ee728b)
Start importing Assets/resim2.mat using Guid(f8adb5f751beaef4ba4343cad60854e1) Importer(815301076,1909f56bfc062723c751e8b465ee728b)  -> (artifact id: 'c148fa02c6f2638b2f6856f379715047') in 0.028780 seconds 
  Import took 0.032264 seconds .

========================================================================
Received Import Request.
  Time since last request: 11.177319 seconds.
  path: Assets/ekosıstem.png
  artifactKey: Guid(58fef736a6854f24f9746b28060ec92c) Importer(815301076,1909f56bfc062723c751e8b465ee728b)
Start importing Assets/ekosıstem.png using Guid(58fef736a6854f24f9746b28060ec92c) Importer(815301076,1909f56bfc062723c751e8b465ee728b)  -> (artifact id: 'e98397c2b0a24d0aab50e16cbab347f3') in 0.029742 seconds 
  Import took 0.032975 seconds .

========================================================================
Received Import Request.
  Time since last request: 152.997193 seconds.
  path: Assets/pusula.mat
  artifactKey: Guid(3449a1be061af4b4f9cb9a06c8382cf4) Importer(815301076,1909f56bfc062723c751e8b465ee728b)
Start importing Assets/pusula.mat using Guid(3449a1be061af4b4f9cb9a06c8382cf4) Importer(815301076,1909f56bfc062723c751e8b465ee728b)  -> (artifact id: 'ed2eb28ced82200ef62bd36b262e58cc') in 0.025881 seconds 
  Import took 0.029366 seconds .

========================================================================
Received Import Request.
  Time since last request: 11.401247 seconds.
  path: Assets/pusula.jfif
  artifactKey: Guid(1e8231d6f3e99044e90cad2aff18147e) Importer(815301076,1909f56bfc062723c751e8b465ee728b)
Start importing Assets/pusula.jfif using Guid(1e8231d6f3e99044e90cad2aff18147e) Importer(815301076,1909f56bfc062723c751e8b465ee728b)  -> (artifact id: '7b4ff993640c81fc24ec52b138b44991') in 0.012199 seconds 
  Import took 0.015258 seconds .

========================================================================
Received Import Request.
  Time since last request: 17.213715 seconds.
  path: Assets/perıyodık -tablo.jpg
  artifactKey: Guid(dfd71e8a445fad1409267f93b9e5b579) Importer(815301076,1909f56bfc062723c751e8b465ee728b)
Start importing Assets/perıyodık -tablo.jpg using Guid(dfd71e8a445fad1409267f93b9e5b579) Importer(815301076,1909f56bfc062723c751e8b465ee728b)  -> (artifact id: '642d7c5bf11d6bce32986cce24a2199b') in 0.024009 seconds 
  Import took 0.027354 seconds .

========================================================================
Received Import Request.
  Time since last request: 18.718700 seconds.
  path: Assets/periyot.mat
  artifactKey: Guid(3449a1be061af4b4f9cb9a06c8382cf4) Importer(815301076,1909f56bfc062723c751e8b465ee728b)
Start importing Assets/periyot.mat using Guid(3449a1be061af4b4f9cb9a06c8382cf4) Importer(815301076,1909f56bfc062723c751e8b465ee728b)  -> (artifact id: 'f822ffa763ee8ce389cf8392b553cba6') in 0.026398 seconds 
  Import took 0.030152 seconds .

========================================================================
Received Import Request.
  Time since last request: 121.604258 seconds.
  path: Assets/gezegenler.jfif
  artifactKey: Guid(84808d148e417984b9214906ce16fb17) Importer(815301076,1909f56bfc062723c751e8b465ee728b)
Start importing Assets/gezegenler.jfif using Guid(84808d148e417984b9214906ce16fb17) Importer(815301076,1909f56bfc062723c751e8b465ee728b)  -> (artifact id: 'ae2de4e8a0b513008c7348f1dec4a8e8') in 0.010824 seconds 
  Import took 0.042343 seconds .

========================================================================
Received Import Request.
  Time since last request: 10.080493 seconds.
  path: Assets/pusulaa.jpg
  artifactKey: Guid(ac7cf23ac9f6e8344948fc4b280e26b5) Importer(815301076,1909f56bfc062723c751e8b465ee728b)
Start importing Assets/pusulaa.jpg using Guid(ac7cf23ac9f6e8344948fc4b280e26b5) Importer(815301076,1909f56bfc062723c751e8b465ee728b)  -> (artifact id: '3cf34b72a0fad6b2fad65eabdd3de187') in 0.022722 seconds 
  Import took 0.025844 seconds .

========================================================================
Received Import Request.
  Time since last request: 10.152769 seconds.
  path: Assets/New Material.mat
  artifactKey: Guid(3108f80aeaadd1f40a1c418f5b4210c9) Importer(815301076,1909f56bfc062723c751e8b465ee728b)
Start importing Assets/New Material.mat using Guid(3108f80aeaadd1f40a1c418f5b4210c9) Importer(815301076,1909f56bfc062723c751e8b465ee728b)  -> (artifact id: 'b16baaa6845acfc846e5f412ce8b0491') in 0.022262 seconds 
  Import took 0.025049 seconds .

========================================================================
Received Import Request.
  Time since last request: 31.598802 seconds.
  path: Assets/pusula.mat
  artifactKey: Guid(3108f80aeaadd1f40a1c418f5b4210c9) Importer(815301076,1909f56bfc062723c751e8b465ee728b)
Start importing Assets/pusula.mat using Guid(3108f80aeaadd1f40a1c418f5b4210c9) Importer(815301076,1909f56bfc062723c751e8b465ee728b)  -> (artifact id: 'a4077ef6b6cb698ce9458cbd2246d160') in 0.016165 seconds 
  Import took 0.019128 seconds .

========================================================================
Received Import Request.
  Time since last request: 123.512748 seconds.
  path: Assets/fızık.jpg
  artifactKey: Guid(04cb127de6351854aa4e6cb0dc098ee5) Importer(815301076,1909f56bfc062723c751e8b465ee728b)
Start importing Assets/fızık.jpg using Guid(04cb127de6351854aa4e6cb0dc098ee5) Importer(815301076,1909f56bfc062723c751e8b465ee728b)  -> (artifact id: '5083f29fdd7b96e5d87ae730ad2082dc') in 0.023787 seconds 
  Import took 0.026799 seconds .

========================================================================
Received Import Request.
  Time since last request: 22.701603 seconds.
  path: Assets/fizikresım.mat
  artifactKey: Guid(bf3369e82cf291a4e96d9c95f1308762) Importer(815301076,1909f56bfc062723c751e8b465ee728b)
Start importing Assets/fizikresım.mat using Guid(bf3369e82cf291a4e96d9c95f1308762) Importer(815301076,1909f56bfc062723c751e8b465ee728b)  -> (artifact id: '443a839c8f1eecdcc6d3bf26384bc1cd') in 0.020832 seconds 
  Import took 0.024127 seconds .

========================================================================
Received Import Request.
  Time since last request: 195.982185 seconds.
  path: Assets/images.jpg
  artifactKey: Guid(efe184697f8844f4db6059771c1c5402) Importer(815301076,1909f56bfc062723c751e8b465ee728b)
Start importing Assets/images.jpg using Guid(efe184697f8844f4db6059771c1c5402) Importer(815301076,1909f56bfc062723c751e8b465ee728b)  -> (artifact id: '724624e84ae86ff445d12cb4d7b904a0') in 0.024401 seconds 
  Import took 0.027817 seconds .

========================================================================
Received Import Request.
  Time since last request: 13.937373 seconds.
  path: Assets/gezegen.mat
  artifactKey: Guid(96e47ad0ad271ce4289b8414499546f6) Importer(815301076,1909f56bfc062723c751e8b465ee728b)
Start importing Assets/gezegen.mat using Guid(96e47ad0ad271ce4289b8414499546f6) Importer(815301076,1909f56bfc062723c751e8b465ee728b)  -> (artifact id: 'b81decbdc15f719843f9af8812b9ecc2') in 0.023762 seconds 
  Import took 0.027204 seconds .

========================================================================
Received Import Request.
  Time since last request: 202.439708 seconds.
  path: Assets/mat.jpg
  artifactKey: Guid(4544bcb1e3d2d174aadc5178c4821e7f) Importer(815301076,1909f56bfc062723c751e8b465ee728b)
Start importing Assets/mat.jpg using Guid(4544bcb1e3d2d174aadc5178c4821e7f) Importer(815301076,1909f56bfc062723c751e8b465ee728b)  -> (artifact id: 'd382210f30b51fe39095ce6584b31c55') in 0.023213 seconds 
  Import took 0.026690 seconds .

========================================================================
Received Import Request.
  Time since last request: 12.777971 seconds.
  path: Assets/matetmk.mat
  artifactKey: Guid(8bae7806464829345b8c301108feac34) Importer(815301076,1909f56bfc062723c751e8b465ee728b)
Start importing Assets/matetmk.mat using Guid(8bae7806464829345b8c301108feac34) Importer(815301076,1909f56bfc062723c751e8b465ee728b)  -> (artifact id: '2ddbafb8c5c447faae67564c1c300789') in 0.021849 seconds 
  Import took 0.026045 seconds .

========================================================================
Received Import Request.
  Time since last request: 29.284392 seconds.
  path: Assets/saat.png.png
  artifactKey: Guid(1a896059909d8024abebb85fe1017d6f) Importer(815301076,1909f56bfc062723c751e8b465ee728b)
Start importing Assets/saat.png.png using Guid(1a896059909d8024abebb85fe1017d6f) Importer(815301076,1909f56bfc062723c751e8b465ee728b)  -> (artifact id: '020fcee6cae1bf33916447d21a8a77af') in 0.029711 seconds 
  Import took 0.032926 seconds .

========================================================================
Received Import Request.
  Time since last request: 15.342277 seconds.
  path: Assets/saat.mat
  artifactKey: Guid(5e8f4ccd02b94e144b87c2e1934b34f0) Importer(815301076,1909f56bfc062723c751e8b465ee728b)
Start importing Assets/saat.mat using Guid(5e8f4ccd02b94e144b87c2e1934b34f0) Importer(815301076,1909f56bfc062723c751e8b465ee728b)  -> (artifact id: 'e758da60b9479d49acde4a78db00ec76') in 0.021939 seconds 
  Import took 0.025594 seconds .

========================================================================
Received Import Request.
  Time since last request: 84.175685 seconds.
  path: Assets/saat.png.png
  artifactKey: Guid(1a896059909d8024abebb85fe1017d6f) Importer(815301076,1909f56bfc062723c751e8b465ee728b)
Start importing Assets/saat.png.png using Guid(1a896059909d8024abebb85fe1017d6f) Importer(815301076,1909f56bfc062723c751e8b465ee728b)  -> (artifact id: '6d372dbf6e43d2dd2df33ae1aa9c8953') in 0.069683 seconds 
  Import took 0.073227 seconds .

========================================================================
Received Import Request.
  Time since last request: 334.320173 seconds.
  path: Assets/geri_donusum.jpg
  artifactKey: Guid(6f89d3e32a7330044b6f4c76bcf99c05) Importer(815301076,1909f56bfc062723c751e8b465ee728b)
Start importing Assets/geri_donusum.jpg using Guid(6f89d3e32a7330044b6f4c76bcf99c05) Importer(815301076,1909f56bfc062723c751e8b465ee728b)  -> (artifact id: 'f2e1b775e188c0d8def7289ea3e38cf1') in 0.021416 seconds 
  Import took 0.024429 seconds .

========================================================================
Received Import Request.
  Time since last request: 14.123070 seconds.
  path: Assets/geridönüşüm.mat
  artifactKey: Guid(bad5f4521a81986408804a23a8c3b170) Importer(815301076,1909f56bfc062723c751e8b465ee728b)
Start importing Assets/geridönüşüm.mat using Guid(bad5f4521a81986408804a23a8c3b170) Importer(815301076,1909f56bfc062723c751e8b465ee728b)  -> (artifact id: '53ef62420beb5f87fd9c283541cdbca7') in 0.019973 seconds 
  Import took 0.023454 seconds .

========================================================================
Received Import Request.
  Time since last request: 319.784863 seconds.
  path: Assets/fizikresım.mat
  artifactKey: Guid(bf3369e82cf291a4e96d9c95f1308762) Importer(815301076,1909f56bfc062723c751e8b465ee728b)
Start importing Assets/fizikresım.mat using Guid(bf3369e82cf291a4e96d9c95f1308762) Importer(815301076,1909f56bfc062723c751e8b465ee728b)  -> (artifact id: '24568c5d618bc2f8261eb30c65d5aff2') in 0.022443 seconds 
  Import took 0.026011 seconds .

========================================================================
Received Import Request.
  Time since last request: 0.000225 seconds.
  path: Assets/gezegen.mat
  artifactKey: Guid(96e47ad0ad271ce4289b8414499546f6) Importer(815301076,1909f56bfc062723c751e8b465ee728b)
Start importing Assets/gezegen.mat using Guid(96e47ad0ad271ce4289b8414499546f6) Importer(815301076,1909f56bfc062723c751e8b465ee728b)  -> (artifact id: '8f2dd7be6ebf325394fb59f5f767edcd') in 0.018550 seconds 
  Import took 0.021778 seconds .

========================================================================
Received Import Request.
  Time since last request: 0.000263 seconds.
  path: Assets/pusula.mat
  artifactKey: Guid(3108f80aeaadd1f40a1c418f5b4210c9) Importer(815301076,1909f56bfc062723c751e8b465ee728b)
Start importing Assets/pusula.mat using Guid(3108f80aeaadd1f40a1c418f5b4210c9) Importer(815301076,1909f56bfc062723c751e8b465ee728b)  -> (artifact id: '8183a1dce0b84235beaebf0f7eef2b76') in 0.021711 seconds 
  Import took 0.024965 seconds .

========================================================================
Received Import Request.
  Time since last request: 0.000214 seconds.
  path: Assets/matetmk.mat
  artifactKey: Guid(8bae7806464829345b8c301108feac34) Importer(815301076,1909f56bfc062723c751e8b465ee728b)
Start importing Assets/matetmk.mat using Guid(8bae7806464829345b8c301108feac34) Importer(815301076,1909f56bfc062723c751e8b465ee728b)  -> (artifact id: '47b72bd5424d2bd66554c91b7d9055b1') in 0.020245 seconds 
  Import took 0.023451 seconds .

========================================================================
Received Import Request.
  Time since last request: 0.000277 seconds.
  path: Assets/resim.mat
  artifactKey: Guid(c64ea2d3d94097a41b12fe32e32a7586) Importer(815301076,1909f56bfc062723c751e8b465ee728b)
Start importing Assets/resim.mat using Guid(c64ea2d3d94097a41b12fe32e32a7586) Importer(815301076,1909f56bfc062723c751e8b465ee728b)  -> (artifact id: 'ec52388627a6adb7ee8e4adc0e222277') in 0.021594 seconds 
  Import took 0.025087 seconds .

========================================================================
Received Import Request.
  Time since last request: 0.000274 seconds.
  path: Assets/resim2.mat
  artifactKey: Guid(f8adb5f751beaef4ba4343cad60854e1) Importer(815301076,1909f56bfc062723c751e8b465ee728b)
Start importing Assets/resim2.mat using Guid(f8adb5f751beaef4ba4343cad60854e1) Importer(815301076,1909f56bfc062723c751e8b465ee728b)  -> (artifact id: '7d6a98d2e9e10ed79dd74363e758eec5') in 0.021413 seconds 
  Import took 0.024828 seconds .

========================================================================
Received Import Request.
  Time since last request: 0.000270 seconds.
  path: Assets/periyot.mat
  artifactKey: Guid(3449a1be061af4b4f9cb9a06c8382cf4) Importer(815301076,1909f56bfc062723c751e8b465ee728b)
Start importing Assets/periyot.mat using Guid(3449a1be061af4b4f9cb9a06c8382cf4) Importer(815301076,1909f56bfc062723c751e8b465ee728b)  -> (artifact id: 'a77bbd92edb127068c2302264d980ab7') in 0.021178 seconds 
  Import took 0.024538 seconds .

========================================================================
Received Import Request.
  Time since last request: 0.000235 seconds.
  path: Assets/geridönüşüm.mat
  artifactKey: Guid(bad5f4521a81986408804a23a8c3b170) Importer(815301076,1909f56bfc062723c751e8b465ee728b)
Start importing Assets/geridönüşüm.mat using Guid(bad5f4521a81986408804a23a8c3b170) Importer(815301076,1909f56bfc062723c751e8b465ee728b)  -> (artifact id: 'e27c49284b33e9f731606b1718434b73') in 0.021737 seconds 
  Import took 0.025023 seconds .

========================================================================
Received Import Request.
  Time since last request: 1555.266566 seconds.
  path: Assets/8-C.jpg
  artifactKey: Guid(20b502bae4d581341ba61788f55ca766) Importer(815301076,1909f56bfc062723c751e8b465ee728b)
Start importing Assets/8-C.jpg using Guid(20b502bae4d581341ba61788f55ca766) Importer(815301076,1909f56bfc062723c751e8b465ee728b)  -> (artifact id: '1665545c2044f46baa36e329e40e5140') in 0.059118 seconds 
  Import took 0.062781 seconds .

========================================================================
Received Import Request.
  Time since last request: 12.128219 seconds.
  path: Assets/8-c.mat
  artifactKey: Guid(0634a54ec3db494419d9af1212f7dcce) Importer(815301076,1909f56bfc062723c751e8b465ee728b)
Start importing Assets/8-c.mat using Guid(0634a54ec3db494419d9af1212f7dcce) Importer(815301076,1909f56bfc062723c751e8b465ee728b)  -> (artifact id: 'd3b50467d07c983c28bd947e4cd0b258') in 0.027518 seconds 
  Import took 0.030574 seconds .

========================================================================
Received Import Request.
  Time since last request: 313.931176 seconds.
  path: Assets/8-c.mat
  artifactKey: Guid(0634a54ec3db494419d9af1212f7dcce) Importer(815301076,1909f56bfc062723c751e8b465ee728b)
Start importing Assets/8-c.mat using Guid(0634a54ec3db494419d9af1212f7dcce) Importer(815301076,1909f56bfc062723c751e8b465ee728b)  -> (artifact id: '3763e14d09010c3da527cb61e3953b54') in 0.021321 seconds 
  Import took 0.024616 seconds .

========================================================================
Received Import Request.
  Time since last request: 0.000205 seconds.
  path: Assets/kapıkulpu.mat
  artifactKey: Guid(b16f0fcb17bdb9c46bafef141c5f2373) Importer(815301076,1909f56bfc062723c751e8b465ee728b)
Start importing Assets/kapıkulpu.mat using Guid(b16f0fcb17bdb9c46bafef141c5f2373) Importer(815301076,1909f56bfc062723c751e8b465ee728b)  -> (artifact id: '19e25f0d7e546539ca35d0cfb049a670') in 0.022294 seconds 
  Import took 0.025565 seconds .

========================================================================
Received Import Request.
  Time since last request: 31.550620 seconds.
  path: Assets/pat.uçak.fbx
  artifactKey: Guid(3a7b8124606f5f141b4ae24bcd7acfba) Importer(815301076,1909f56bfc062723c751e8b465ee728b)
Start importing Assets/pat.uçak.fbx using Guid(3a7b8124606f5f141b4ae24bcd7acfba) Importer(815301076,1909f56bfc062723c751e8b465ee728b)  -> (artifact id: '3452eda78a3519be22e07c5a906825d7') in 0.164874 seconds 
  Import took 0.168336 seconds .

========================================================================
Received Import Request.
  Time since last request: 345.190639 seconds.
  path: Assets/uçak.fbx
  artifactKey: Guid(530354f35b43691429b73489db0e6e8d) Importer(815301076,1909f56bfc062723c751e8b465ee728b)
Start importing Assets/uçak.fbx using Guid(530354f35b43691429b73489db0e6e8d) Importer(815301076,1909f56bfc062723c751e8b465ee728b)  -> (artifact id: 'fa8c3f880eabd0ff2421743079e1b7bb') in 0.028768 seconds 
  Import took 0.032030 seconds .

========================================================================
Received Import Request.
  Time since last request: 82.737708 seconds.
  path: Assets/uçakrengi1.mat
  artifactKey: Guid(9e4a681f3c21da240abfaccc7e15b72b) Importer(815301076,1909f56bfc062723c751e8b465ee728b)
Start importing Assets/uçakrengi1.mat using Guid(9e4a681f3c21da240abfaccc7e15b72b) Importer(815301076,1909f56bfc062723c751e8b465ee728b)  -> (artifact id: '3ccf0d4e255ed08e6b214797a013602d') in 0.037281 seconds 
  Import took 0.040005 seconds .

========================================================================
Received Import Request.
  Time since last request: 76.860151 seconds.
  path: Assets/uçkrngi2.mat
  artifactKey: Guid(18eb8b5a11edf8541b593404023f32dd) Importer(815301076,1909f56bfc062723c751e8b465ee728b)
Start importing Assets/uçkrngi2.mat using Guid(18eb8b5a11edf8541b593404023f32dd) Importer(815301076,1909f56bfc062723c751e8b465ee728b)  -> (artifact id: 'db1f367d94798664de539334a33d11cd') in 0.023068 seconds 
  Import took 0.027035 seconds .

========================================================================
Received Import Request.
  Time since last request: 44.814276 seconds.
  path: Assets/uçakrengi3.mat
  artifactKey: Guid(3b11943f95a59ed41ba3ad9152dbd814) Importer(815301076,1909f56bfc062723c751e8b465ee728b)
Start importing Assets/uçakrengi3.mat using Guid(3b11943f95a59ed41ba3ad9152dbd814) Importer(815301076,1909f56bfc062723c751e8b465ee728b)  -> (artifact id: '041e585ff38c2a61ea76058d9b780f38') in 0.022186 seconds 
  Import took 0.025562 seconds .

========================================================================
Received Import Request.
  Time since last request: 59.736205 seconds.
  path: Assets/New Material.mat
  artifactKey: Guid(c4f7af4f4e3842444aeaf145ce3682e2) Importer(815301076,1909f56bfc062723c751e8b465ee728b)
Start importing Assets/New Material.mat using Guid(c4f7af4f4e3842444aeaf145ce3682e2) Importer(815301076,1909f56bfc062723c751e8b465ee728b)  -> (artifact id: '29780416ba814f92c0322af70a74dbd1') in 0.016542 seconds 
  Import took 0.019685 seconds .

========================================================================
Received Import Request.
  Time since last request: 12.731956 seconds.
  path: Assets/uçakrengi4.mat
  artifactKey: Guid(7368512c2513b5a4b9116c2371823b3b) Importer(815301076,1909f56bfc062723c751e8b465ee728b)
Start importing Assets/uçakrengi4.mat using Guid(7368512c2513b5a4b9116c2371823b3b) Importer(815301076,1909f56bfc062723c751e8b465ee728b)  -> (artifact id: '1604ec5967ef04e6b6c6bca78fde4af8') in 0.021285 seconds 
  Import took 0.024501 seconds .

========================================================================
Received Import Request.
  Time since last request: 54.237517 seconds.
  path: Assets/uçakrengi5.mat
  artifactKey: Guid(a2cd82b46cef36f45a545ad908d80a87) Importer(815301076,1909f56bfc062723c751e8b465ee728b)
Start importing Assets/uçakrengi5.mat using Guid(a2cd82b46cef36f45a545ad908d80a87) Importer(815301076,1909f56bfc062723c751e8b465ee728b)  -> (artifact id: 'ec68423f18da19f73de86e1992ddbcb0') in 0.022800 seconds 
  Import took 0.025929 seconds .

========================================================================
Received Import Request.
  Time since last request: 411.774975 seconds.
  path: Assets/uçakrengi6.mat
  artifactKey: Guid(b9bb6e30ec811d345aaa8a245aa9efc9) Importer(815301076,1909f56bfc062723c751e8b465ee728b)
Start importing Assets/uçakrengi6.mat using Guid(b9bb6e30ec811d345aaa8a245aa9efc9) Importer(815301076,1909f56bfc062723c751e8b465ee728b)  -> (artifact id: '07d326e09ff6c00985063912273d4a60') in 0.035843 seconds 
  Import took 0.038512 seconds .

========================================================================
Received Import Request.
  Time since last request: 54.893508 seconds.
  path: Assets/uçakrengi7.mat
  artifactKey: Guid(a9118899a73c3df479f23fdf793571ea) Importer(815301076,1909f56bfc062723c751e8b465ee728b)
Start importing Assets/uçakrengi7.mat using Guid(a9118899a73c3df479f23fdf793571ea) Importer(815301076,1909f56bfc062723c751e8b465ee728b)  -> (artifact id: '0db2b3e5285f00e1968e936944abb496') in 0.023727 seconds 
  Import took 0.026933 seconds .

========================================================================
Received Import Request.
  Time since last request: 75.176588 seconds.
  path: Assets/uçakrengi8.mat
  artifactKey: Guid(e287cd0278cfba14a922afa9c1872752) Importer(815301076,1909f56bfc062723c751e8b465ee728b)
Start importing Assets/uçakrengi8.mat using Guid(e287cd0278cfba14a922afa9c1872752) Importer(815301076,1909f56bfc062723c751e8b465ee728b)  -> (artifact id: '7010e7ea53963271ad13237175db3f93') in 0.022577 seconds 
  Import took 0.026516 seconds .

========================================================================
Received Import Request.
  Time since last request: 46.501164 seconds.
  path: Assets/uçakreng9.mat
  artifactKey: Guid(3538e5d1cf9093b41b13c0264a267014) Importer(815301076,1909f56bfc062723c751e8b465ee728b)
Start importing Assets/uçakreng9.mat using Guid(3538e5d1cf9093b41b13c0264a267014) Importer(815301076,1909f56bfc062723c751e8b465ee728b)  -> (artifact id: '6a4761e9556450ff5cd8b42077b8afa6') in 0.022221 seconds 
  Import took 0.025050 seconds .

========================================================================
Received Import Request.
  Time since last request: 122.585494 seconds.
  path: Assets/uçakrengi10.mat
  artifactKey: Guid(6c18ef95c2cdc39439353eb758f4f8a7) Importer(815301076,1909f56bfc062723c751e8b465ee728b)
Start importing Assets/uçakrengi10.mat using Guid(6c18ef95c2cdc39439353eb758f4f8a7) Importer(815301076,1909f56bfc062723c751e8b465ee728b)  -> (artifact id: '020594feeac647896659a0eeb288a3c1') in 0.023910 seconds 
  Import took 0.026626 seconds .

========================================================================
Received Import Request.
  Time since last request: 79.162886 seconds.
  path: Assets/uçakreng9.mat
  artifactKey: Guid(3538e5d1cf9093b41b13c0264a267014) Importer(815301076,1909f56bfc062723c751e8b465ee728b)
Start importing Assets/uçakreng9.mat using Guid(3538e5d1cf9093b41b13c0264a267014) Importer(815301076,1909f56bfc062723c751e8b465ee728b)  -> (artifact id: '2a75589ef980b50430493c2b1705b90d') in 0.020566 seconds 
  Import took 0.023520 seconds .

========================================================================
Received Import Request.
  Time since last request: 0.000238 seconds.
  path: Assets/uçakrengi7.mat
  artifactKey: Guid(a9118899a73c3df479f23fdf793571ea) Importer(815301076,1909f56bfc062723c751e8b465ee728b)
Start importing Assets/uçakrengi7.mat using Guid(a9118899a73c3df479f23fdf793571ea) Importer(815301076,1909f56bfc062723c751e8b465ee728b)  -> (artifact id: '0c87a35c2aa659d5d63310c412905c40') in 0.025720 seconds 
  Import took 0.028436 seconds .

========================================================================
Received Import Request.
  Time since last request: 0.000243 seconds.
  path: Assets/uçakrengi1.mat
  artifactKey: Guid(9e4a681f3c21da240abfaccc7e15b72b) Importer(815301076,1909f56bfc062723c751e8b465ee728b)
Start importing Assets/uçakrengi1.mat using Guid(9e4a681f3c21da240abfaccc7e15b72b) Importer(815301076,1909f56bfc062723c751e8b465ee728b)  -> (artifact id: '88830a0cf3cbe5a36673ed0327ce4199') in 0.019440 seconds 
  Import took 0.022679 seconds .

========================================================================
Received Import Request.
  Time since last request: 0.000249 seconds.
  path: Assets/uçakrengi8.mat
  artifactKey: Guid(e287cd0278cfba14a922afa9c1872752) Importer(815301076,1909f56bfc062723c751e8b465ee728b)
Start importing Assets/uçakrengi8.mat using Guid(e287cd0278cfba14a922afa9c1872752) Importer(815301076,1909f56bfc062723c751e8b465ee728b)  -> (artifact id: 'b63bc1f0f18c0e178f93660c3059084f') in 0.020174 seconds 
  Import took 0.023226 seconds .

========================================================================
Received Import Request.
  Time since last request: 0.000252 seconds.
  path: Assets/uçakrengi6.mat
  artifactKey: Guid(b9bb6e30ec811d345aaa8a245aa9efc9) Importer(815301076,1909f56bfc062723c751e8b465ee728b)
Start importing Assets/uçakrengi6.mat using Guid(b9bb6e30ec811d345aaa8a245aa9efc9) Importer(815301076,1909f56bfc062723c751e8b465ee728b)  -> (artifact id: '99d81c07612c2445453106cad7fceb66') in 0.019445 seconds 
  Import took 0.022174 seconds .

========================================================================
Received Import Request.
  Time since last request: 0.000234 seconds.
  path: Assets/uçakrengi3.mat
  artifactKey: Guid(3b11943f95a59ed41ba3ad9152dbd814) Importer(815301076,1909f56bfc062723c751e8b465ee728b)
Start importing Assets/uçakrengi3.mat using Guid(3b11943f95a59ed41ba3ad9152dbd814) Importer(815301076,1909f56bfc062723c751e8b465ee728b)  -> (artifact id: '9d62372655b142b27abee5e99d61cb51') in 0.017774 seconds 
  Import took 0.020901 seconds .

========================================================================
Received Import Request.
  Time since last request: 0.000245 seconds.
  path: Assets/uçakrengi5.mat
  artifactKey: Guid(a2cd82b46cef36f45a545ad908d80a87) Importer(815301076,1909f56bfc062723c751e8b465ee728b)
Start importing Assets/uçakrengi5.mat using Guid(a2cd82b46cef36f45a545ad908d80a87) Importer(815301076,1909f56bfc062723c751e8b465ee728b)  -> (artifact id: 'c8c10b4d7e8641987fe423983a36d2f4') in 0.019565 seconds 
  Import took 0.022967 seconds .

========================================================================
Received Import Request.
  Time since last request: 0.000251 seconds.
  path: Assets/uçakrengi4.mat
  artifactKey: Guid(7368512c2513b5a4b9116c2371823b3b) Importer(815301076,1909f56bfc062723c751e8b465ee728b)
Start importing Assets/uçakrengi4.mat using Guid(7368512c2513b5a4b9116c2371823b3b) Importer(815301076,1909f56bfc062723c751e8b465ee728b)  -> (artifact id: 'dbedf7bd4cee6654267304a65fe4aae4') in 0.020050 seconds 
  Import took 0.023098 seconds .

========================================================================
Received Import Request.
  Time since last request: 0.000249 seconds.
  path: Assets/uçakrengi10.mat
  artifactKey: Guid(6c18ef95c2cdc39439353eb758f4f8a7) Importer(815301076,1909f56bfc062723c751e8b465ee728b)
Start importing Assets/uçakrengi10.mat using Guid(6c18ef95c2cdc39439353eb758f4f8a7) Importer(815301076,1909f56bfc062723c751e8b465ee728b)  -> (artifact id: 'a97ac00b291961a4eff30122a163b34e') in 0.019230 seconds 
  Import took 0.022245 seconds .

========================================================================
Received Import Request.
  Time since last request: 0.000272 seconds.
  path: Assets/uçkrngi2.mat
  artifactKey: Guid(18eb8b5a11edf8541b593404023f32dd) Importer(815301076,1909f56bfc062723c751e8b465ee728b)
Start importing Assets/uçkrngi2.mat using Guid(18eb8b5a11edf8541b593404023f32dd) Importer(815301076,1909f56bfc062723c751e8b465ee728b)  -> (artifact id: 'b4cd813a166f6e01337aa8ab0938dba3') in 0.017348 seconds 
  Import took 0.020530 seconds .

========================================================================
Received Import Request.
  Time since last request: 249.053295 seconds.
  path: Assets/Scenes
  artifactKey: Guid(1b8c61dc97c17584baec79fac79ce32f) Importer(815301076,1909f56bfc062723c751e8b465ee728b)
Start importing Assets/Scenes using Guid(1b8c61dc97c17584baec79fac79ce32f) Importer(815301076,1909f56bfc062723c751e8b465ee728b)  -> (artifact id: 'ada3f88960abad38fd75ac0cd4872e5e') in 0.009429 seconds 
  Import took 0.012187 seconds .

========================================================================
Received Import Request.
  Time since last request: 0.032374 seconds.
  path: Assets/Scenes/SampleScene.unity
  artifactKey: Guid(9fc0d4010bbf28b4594072e72b8655ab) Importer(815301076,1909f56bfc062723c751e8b465ee728b)
Start importing Assets/Scenes/SampleScene.unity using Guid(9fc0d4010bbf28b4594072e72b8655ab) Importer(815301076,1909f56bfc062723c751e8b465ee728b)  -> (artifact id: '0f68bc9a946f81f2453cc0a579db7357') in 0.009949 seconds 
  Import took 0.013090 seconds .

========================================================================
Received Import Request.
  Time since last request: 0.085990 seconds.
  path: Assets/Materials/saat.png.mat
  artifactKey: Guid(ddbe6851bf508094999c7f1cfbb83b5b) Importer(815301076,1909f56bfc062723c751e8b465ee728b)
Start importing Assets/Materials/saat.png.mat using Guid(ddbe6851bf508094999c7f1cfbb83b5b) Importer(815301076,1909f56bfc062723c751e8b465ee728b)  -> (artifact id: '801e0db383b960cee277143e104e4df4') in 0.019532 seconds 
  Import took 0.023433 seconds .

========================================================================
Received Import Request.
  Time since last request: 0.364965 seconds.
  path: Assets/Materials
  artifactKey: Guid(fc186de53cb22a14799439c5920ee6ae) Importer(815301076,1909f56bfc062723c751e8b465ee728b)
Start importing Assets/Materials using Guid(fc186de53cb22a14799439c5920ee6ae) Importer(815301076,1909f56bfc062723c751e8b465ee728b)  -> (artifact id: 'c76bd98130d1010ee14daae7e7d615da') in 0.009025 seconds 
  Import took 0.011684 seconds .

========================================================================
Received Import Request.
  Time since last request: 2279.214138 seconds.
  path: Assets/Prefabs
  artifactKey: Guid(e995fa0b585fd654990fca89c23a2d92) Importer(815301076,1909f56bfc062723c751e8b465ee728b)
Start importing Assets/Prefabs using Guid(e995fa0b585fd654990fca89c23a2d92) Importer(815301076,1909f56bfc062723c751e8b465ee728b)  -> (artifact id: '7eb9f59121a8f2c5210b7cde05f3731d') in 0.012335 seconds 
  Import took 0.015666 seconds .

========================================================================
Received Import Request.
  Time since last request: 10.152710 seconds.
  path: Assets/Prefabs/koridor.prefab
  artifactKey: Guid(756b76e6445995a4e9f1a9c41635b305) Importer(815301076,1909f56bfc062723c751e8b465ee728b)
Start importing Assets/Prefabs/koridor.prefab using Guid(756b76e6445995a4e9f1a9c41635b305) Importer(815301076,1909f56bfc062723c751e8b465ee728b)  -> (artifact id: '153a0697a25066e0cf53ea0e8c69e417') in 0.122469 seconds 
  Import took 0.126525 seconds .

AssetImportWorkerClient::OnTransportError - code=2 error=End of file
