Using pre-set license
Built from '2020.3/staging' branch; Version is '2020.3.25f1 (9b9180224418) revision 10195328'; Using compiler version '192528614'; Build Type 'Release'
OS: 'Windows 10  (10.0.19041) 64bit Core' Language: 'tr' Physical Memory: 6021 MB
BatchMode: 1, IsHumanControllingUs: 0, StartBugReporterOnCrash: 0, Is64bit: 1, IsPro: 0

COMMAND LINE ARGUMENTS:
C:\Users\nurba\OneDrive\Masaüstü\UNITY KLASÖR\2020.3.25f1\Editor\Unity.exe
-adb2
-batchMode
-noUpm
-name
AssetImportWorker0
-projectPath
C:/Users/nurba/OneDrive/Masaüstü/UNITY KLASÖR/paper-plane/minyonanimation
-logFile
Logs/AssetImportWorker0.log
-srvPort
56919
Successfully changed project path to: C:/Users/nurba/OneDrive/Masaüstü/UNITY KLASÖR/paper-plane/minyonanimation
C:/Users/nurba/OneDrive/Masaüstü/UNITY KLASÖR/paper-plane/minyonanimation
Using Asset Import Pipeline V2.
Refreshing native plugins compatible for Editor in 91.13 ms, found 2 plugins.
Preloading 0 native plugins for Editor in 0.00 ms.
Initialize engine version: 2020.3.25f1 (9b9180224418)
[Subsystems] Discovering subsystems at path C:/Users/nurba/OneDrive/Masaüstü/UNITY KLASÖR/2020.3.25f1/Editor/Data/Resources/UnitySubsystems
[Subsystems] Discovering subsystems at path C:/Users/nurba/OneDrive/Masaüstü/UNITY KLASÖR/paper-plane/minyonanimation/Assets
GfxDevice: creating device client; threaded=0
Direct3D:
    Version:  Direct3D 11.0 [level 11.1]
    Renderer: NVIDIA GeForce GTX 1650 (ID=0x1f91)
    Vendor:   
    VRAM:     3962 MB
    Driver:   27.21.14.6280
Initialize mono
Mono path[0] = 'C:/Users/nurba/OneDrive/Masaüstü/UNITY KLASÖR/2020.3.25f1/Editor/Data/Managed'
Mono path[1] = 'C:/Users/nurba/OneDrive/Masaüstü/UNITY KLASÖR/2020.3.25f1/Editor/Data/MonoBleedingEdge/lib/mono/unityjit'
Mono config path = 'C:/Users/nurba/OneDrive/Masaüstü/UNITY KLASÖR/2020.3.25f1/Editor/Data/MonoBleedingEdge/etc'
Using monoOptions --debugger-agent=transport=dt_socket,embedding=1,server=y,suspend=n,address=127.0.0.1:56548
Begin MonoManager ReloadAssembly
Registering precompiled unity dll's ...
Register platform support module: C:/Users/nurba/OneDrive/Masaüstü/UNITY KLASÖR/2020.3.25f1/Editor/Data/PlaybackEngines/WindowsStandaloneSupport/UnityEditor.WindowsStandalone.Extensions.dll
Registered in 0.012432 seconds.
Native extension for WindowsStandalone target not found
Refreshing native plugins compatible for Editor in 76.03 ms, found 2 plugins.
Preloading 0 native plugins for Editor in 0.00 ms.
Mono: successfully reloaded assembly
- Completed reload, in  1.688 seconds
Domain Reload Profiling:
	ReloadAssembly (1689ms)
		BeginReloadAssembly (231ms)
			ExecutionOrderSort (0ms)
			DisableScriptedObjects (0ms)
			BackupInstance (0ms)
			ReleaseScriptingObjects (0ms)
			CreateAndSetChildDomain (3ms)
		EndReloadAssembly (1214ms)
			LoadAssemblies (222ms)
			RebuildTransferFunctionScriptingTraits (1ms)
			SetupTypeCache (404ms)
			ReleaseScriptCaches (0ms)
			RebuildScriptCaches (67ms)
			SetupLoadedEditorAssemblies (436ms)
				LogAssemblyErrors (0ms)
				InitializePlatformSupportModulesInManaged (12ms)
				SetLoadedEditorAssemblies (1ms)
				RefreshPlugins (76ms)
				BeforeProcessingInitializeOnLoad (28ms)
				ProcessInitializeOnLoadAttributes (220ms)
				ProcessInitializeOnLoadMethodAttributes (98ms)
				AfterProcessingInitializeOnLoad (0ms)
				EditorAssembliesLoaded (1ms)
			ExecutionOrderSort2 (0ms)
			AwakeInstancesAfterBackupRestoration (0ms)
Platform modules already initialized, skipping
Registering precompiled user dll's ...
Registered in 0.037964 seconds.
Begin MonoManager ReloadAssembly
Native extension for WindowsStandalone target not found
Refreshing native plugins compatible for Editor in 1.08 ms, found 2 plugins.
Preloading 0 native plugins for Editor in 0.00 ms.
Mono: successfully reloaded assembly
- Completed reload, in  3.436 seconds
Domain Reload Profiling:
	ReloadAssembly (3439ms)
		BeginReloadAssembly (435ms)
			ExecutionOrderSort (0ms)
			DisableScriptedObjects (12ms)
			BackupInstance (0ms)
			ReleaseScriptingObjects (0ms)
			CreateAndSetChildDomain (68ms)
		EndReloadAssembly (2791ms)
			LoadAssemblies (352ms)
			RebuildTransferFunctionScriptingTraits (0ms)
			SetupTypeCache (759ms)
			ReleaseScriptCaches (1ms)
			RebuildScriptCaches (126ms)
			SetupLoadedEditorAssemblies (1317ms)
				LogAssemblyErrors (0ms)
				InitializePlatformSupportModulesInManaged (18ms)
				SetLoadedEditorAssemblies (2ms)
				RefreshPlugins (1ms)
				BeforeProcessingInitializeOnLoad (194ms)
				ProcessInitializeOnLoadAttributes (1044ms)
				ProcessInitializeOnLoadMethodAttributes (27ms)
				AfterProcessingInitializeOnLoad (30ms)
				EditorAssembliesLoaded (1ms)
			ExecutionOrderSort2 (0ms)
			AwakeInstancesAfterBackupRestoration (14ms)
Platform modules already initialized, skipping
========================================================================
Worker process is ready to serve import requests
Launched and connected shader compiler UnityShaderCompiler.exe after 0.23 seconds
Refreshing native plugins compatible for Editor in 0.95 ms, found 2 plugins.
Preloading 0 native plugins for Editor in 0.00 ms.
Unloading 1500 Unused Serialized files (Serialized files now loaded: 0)
System memory in use before: 67.9 MB.
System memory in use after: 68.0 MB.

Unloading 19 unused Assets to reduce memory usage. Loaded Objects now: 1932.
Total: 8.014300 ms (FindLiveObjects: 0.329800 ms CreateObjectMapping: 0.094100 ms MarkObjects: 7.416200 ms  DeleteObjects: 0.170900 ms)

AssetImportParameters requested are different than current active one (requested -> active):
  custom:framework-win-MediaFoundation: 216162199b28c13a410421893ffa2e32 -> 
  custom:video-decoder-ogg-theora: a1e56fd34408186e4bbccfd4996cb3dc -> 
  custom:container-muxer-webm: aa71ff27fc2769a1b78a27578f13a17b -> 
  custom:container-demuxer-webm: 4f35f7cbe854078d1ac9338744f61a02 -> 
  custom:container-demuxer-ogg: 62fdf1f143b41e24485cea50d1cbac27 -> 
  custom:video-encoder-webm-vp8: eb34c28f22e8b96e1ab97ce403110664 -> 
  custom:video-codec-MediaFoundation-h265: 746d11721c4dcdbdad8f713fa42b33f4 -> 
  custom:video-decoder-webm-vp8: 9c59270c3fd7afecdb556c50c9e8de78 -> 
  custom:audio-decoder-ogg-vorbis: bf7c407c2cedff20999df2af8eb42d56 -> 
  custom:audio-encoder-webm-vorbis: bf7c407c2cedff20999df2af8eb42d56 -> 
========================================================================
Received Import Request.
  path: Assets/anımasyon
  artifactKey: Guid(18f0f4be188c1944aa09aaf71a0ae58c) Importer(815301076,1909f56bfc062723c751e8b465ee728b)
Start importing Assets/anımasyon using Guid(18f0f4be188c1944aa09aaf71a0ae58c) Importer(815301076,1909f56bfc062723c751e8b465ee728b)  -> (artifact id: '985f0448bf46f2cfa53f4ba876b1c6b0') in 0.035041 seconds 
  Import took 0.043468 seconds .

========================================================================
Received Import Request.
  Time since last request: 5.089276 seconds.
  path: Assets/anımasyon/T-Pose.fbx
  artifactKey: Guid(eb3be76efbec55e4fa9088049ae5842c) Importer(815301076,1909f56bfc062723c751e8b465ee728b)
Start importing Assets/anımasyon/T-Pose.fbx using Guid(eb3be76efbec55e4fa9088049ae5842c) Importer(815301076,1909f56bfc062723c751e8b465ee728b)  -> (artifact id: '089f24ace17ea54f525e65beadd939da') in 1.252501 seconds 
  Import took 1.260639 seconds .

========================================================================
Received Import Request.
  Time since last request: 0.000594 seconds.
  path: Assets/anımasyon/Walking (2).fbx
  artifactKey: Guid(3bfd6ef018206ca4184affcec75e23e2) Importer(815301076,1909f56bfc062723c751e8b465ee728b)
Start importing Assets/anımasyon/Walking (2).fbx using Guid(3bfd6ef018206ca4184affcec75e23e2) Importer(815301076,1909f56bfc062723c751e8b465ee728b)  -> (artifact id: '75f568a58f7aab574f85c62efdef676c') in 0.168493 seconds 
  Import took 0.176575 seconds .

========================================================================
Received Import Request.
  Time since last request: 717.630963 seconds.
  path: Assets/anımasyon/mixamo.com.anim
  artifactKey: Guid(3549ac3a20399414ba85c022abf5bcc3) Importer(815301076,1909f56bfc062723c751e8b465ee728b)
Start importing Assets/anımasyon/mixamo.com.anim using Guid(3549ac3a20399414ba85c022abf5bcc3) Importer(815301076,1909f56bfc062723c751e8b465ee728b)  -> (artifact id: '664c810cbb1a7025a14fc62f044d6958') in 0.048516 seconds 
  Import took 0.057622 seconds .

========================================================================
Received Import Request.
  Time since last request: 39.015313 seconds.
  path: Assets/anımasyon/walk.anim
  artifactKey: Guid(3549ac3a20399414ba85c022abf5bcc3) Importer(815301076,1909f56bfc062723c751e8b465ee728b)
Start importing Assets/anımasyon/walk.anim using Guid(3549ac3a20399414ba85c022abf5bcc3) Importer(815301076,1909f56bfc062723c751e8b465ee728b)  -> (artifact id: '2b5e731d54bcef5a78679b55f31e1717') in 0.035472 seconds 
  Import took 0.042192 seconds .

========================================================================
Received Import Request.
  Time since last request: 592.256496 seconds.
  path: Assets/anımasyon/New Animator Controller.controller
  artifactKey: Guid(cd3155c0e3c69344d83656906d15fe8d) Importer(815301076,1909f56bfc062723c751e8b465ee728b)
Start importing Assets/anımasyon/New Animator Controller.controller using Guid(cd3155c0e3c69344d83656906d15fe8d) Importer(815301076,1909f56bfc062723c751e8b465ee728b)  -> (artifact id: 'f463b3f17d9bdb58e8c76964b86f78c8') in 0.030970 seconds 
  Import took 0.038652 seconds .

========================================================================
Received Import Request.
  Time since last request: 16.558933 seconds.
  path: Assets/anımasyon/control.controller
  artifactKey: Guid(cd3155c0e3c69344d83656906d15fe8d) Importer(815301076,1909f56bfc062723c751e8b465ee728b)
Start importing Assets/anımasyon/control.controller using Guid(cd3155c0e3c69344d83656906d15fe8d) Importer(815301076,1909f56bfc062723c751e8b465ee728b)  -> (artifact id: '7fbe2aa82a28147b016039b08490970d') in 0.031435 seconds 
  Import took 0.037398 seconds .

========================================================================
Received Import Request.
  Time since last request: 399.827023 seconds.
  path: Assets/anımasyon/Standing Idle.fbx
  artifactKey: Guid(20fdf9a92f0f59645adbbb7f690a2fbe) Importer(815301076,1909f56bfc062723c751e8b465ee728b)
Start importing Assets/anımasyon/Standing Idle.fbx using Guid(20fdf9a92f0f59645adbbb7f690a2fbe) Importer(815301076,1909f56bfc062723c751e8b465ee728b)  -> (artifact id: 'b5e4a25bc497bbdb5fe75dfb529553cd') in 0.183332 seconds 
  Import took 0.191749 seconds .

========================================================================
Received Import Request.
  Time since last request: 108.386822 seconds.
  path: Assets/anımasyon/mixamo.com.anim
  artifactKey: Guid(fba83b5092e89b54294724b6cc6b5331) Importer(815301076,1909f56bfc062723c751e8b465ee728b)
Start importing Assets/anımasyon/mixamo.com.anim using Guid(fba83b5092e89b54294724b6cc6b5331) Importer(815301076,1909f56bfc062723c751e8b465ee728b)  -> (artifact id: '9f99f3a0853e6c895cdbb9dabc60ce62') in 0.023131 seconds 
  Import took 0.039133 seconds .

========================================================================
Received Import Request.
  Time since last request: 15.858864 seconds.
  path: Assets/anımasyon/ıdle.anim
  artifactKey: Guid(fba83b5092e89b54294724b6cc6b5331) Importer(815301076,1909f56bfc062723c751e8b465ee728b)
Start importing Assets/anımasyon/ıdle.anim using Guid(fba83b5092e89b54294724b6cc6b5331) Importer(815301076,1909f56bfc062723c751e8b465ee728b)  -> (artifact id: '1385cc7127f3158e13eb80b528ea2d49') in 0.054387 seconds 
  Import took 0.061840 seconds .

========================================================================
Received Prepare
Registering precompiled user dll's ...
Registered in 0.016959 seconds.
Begin MonoManager ReloadAssembly
Native extension for WindowsStandalone target not found
Refreshing native plugins compatible for Editor in 1.54 ms, found 2 plugins.
Preloading 0 native plugins for Editor in 0.00 ms.
Mono: successfully reloaded assembly
- Completed reload, in  2.928 seconds
Domain Reload Profiling:
	ReloadAssembly (2931ms)
		BeginReloadAssembly (507ms)
			ExecutionOrderSort (0ms)
			DisableScriptedObjects (41ms)
			BackupInstance (0ms)
			ReleaseScriptingObjects (0ms)
			CreateAndSetChildDomain (183ms)
		EndReloadAssembly (2208ms)
			LoadAssemblies (322ms)
			RebuildTransferFunctionScriptingTraits (0ms)
			SetupTypeCache (940ms)
			ReleaseScriptCaches (2ms)
			RebuildScriptCaches (84ms)
			SetupLoadedEditorAssemblies (632ms)
				LogAssemblyErrors (0ms)
				InitializePlatformSupportModulesInManaged (19ms)
				SetLoadedEditorAssemblies (2ms)
				RefreshPlugins (2ms)
				BeforeProcessingInitializeOnLoad (176ms)
				ProcessInitializeOnLoadAttributes (399ms)
				ProcessInitializeOnLoadMethodAttributes (15ms)
				AfterProcessingInitializeOnLoad (18ms)
				EditorAssembliesLoaded (0ms)
			ExecutionOrderSort2 (0ms)
			AwakeInstancesAfterBackupRestoration (13ms)
Platform modules already initialized, skipping
Refreshing native plugins compatible for Editor in 0.43 ms, found 2 plugins.
Preloading 0 native plugins for Editor in 0.00 ms.
Unloading 1494 Unused Serialized files (Serialized files now loaded: 0)
System memory in use before: 84.8 MB.
System memory in use after: 84.9 MB.

Unloading 14 unused Assets to reduce memory usage. Loaded Objects now: 1978.
Total: 6.465600 ms (FindLiveObjects: 0.622100 ms CreateObjectMapping: 0.332200 ms MarkObjects: 5.474800 ms  DeleteObjects: 0.032800 ms)

AssetImportParameters requested are different than current active one (requested -> active):
  custom:framework-win-MediaFoundation: 216162199b28c13a410421893ffa2e32 -> 
  custom:video-decoder-ogg-theora: a1e56fd34408186e4bbccfd4996cb3dc -> 
  custom:container-muxer-webm: aa71ff27fc2769a1b78a27578f13a17b -> 
  custom:container-demuxer-webm: 4f35f7cbe854078d1ac9338744f61a02 -> 
  custom:container-demuxer-ogg: 62fdf1f143b41e24485cea50d1cbac27 -> 
  custom:video-encoder-webm-vp8: eb34c28f22e8b96e1ab97ce403110664 -> 
  custom:video-codec-MediaFoundation-h265: 746d11721c4dcdbdad8f713fa42b33f4 -> 
  custom:video-decoder-webm-vp8: 9c59270c3fd7afecdb556c50c9e8de78 -> 
  custom:audio-decoder-ogg-vorbis: bf7c407c2cedff20999df2af8eb42d56 -> 
  custom:audio-encoder-webm-vorbis: bf7c407c2cedff20999df2af8eb42d56 -> 
AssetImportWorkerClient::OnTransportError - code=2 error=End of file
